  LabDictionary.cpp
C:\Users\gurba\source\repos\LabDictionary\LabDictionary\LabDictionary.cpp(29,36): warning C4267: инициализация: преобразование из "size_t" в "int"; возможна потеря данных
C:\Users\gurba\source\repos\LabDictionary\LabDictionary\LabDictionary.cpp(41,28): warning C4267: =: преобразование из "size_t" в "int"; возможна потеря данных
C:\Users\gurba\source\repos\LabDictionary\LabDictionary\KeyValue.h(32,1): error C2678: бинарный "=": не найден оператор, принимающий левый операнд типа "const K" (или приемлемое преобразование отсутствует)
          with
          [
              K=std::string
          ]
C:\Program Files\Microsoft Visual Studio\2022\Community\VC\Tools\MSVC\14.31.31103\include\xstring(3099,32): message : может быть "std::basic_string<char,std::char_traits<char>,std::allocator<char>> &std::basic_string<char,std::char_traits<char>,std::allocator<char>>::operator =(const _Elem)"
          with
          [
              _Elem=char
          ]
C:\Program Files\Microsoft Visual Studio\2022\Community\VC\Tools\MSVC\14.31.31103\include\xstring(3091,32): message : или       "std::basic_string<char,std::char_traits<char>,std::allocator<char>> &std::basic_string<char,std::char_traits<char>,std::allocator<char>>::operator =(const _Elem *const )"
          with
          [
              _Elem=char
          ]
C:\Program Files\Microsoft Visual Studio\2022\Community\VC\Tools\MSVC\14.31.31103\include\xstring(3038,32): message : или       "std::basic_string<char,std::char_traits<char>,std::allocator<char>> &std::basic_string<char,std::char_traits<char>,std::allocator<char>>::operator =(const std::basic_string<char,std::char_traits<char>,std::allocator<char>> &)"
C:\Program Files\Microsoft Visual Studio\2022\Community\VC\Tools\MSVC\14.31.31103\include\xstring(2969,32): message : или       "std::basic_string<char,std::char_traits<char>,std::allocator<char>> &std::basic_string<char,std::char_traits<char>,std::allocator<char>>::operator =(std::initializer_list<_Elem>)"
          with
          [
              _Elem=char
          ]
C:\Program Files\Microsoft Visual Studio\2022\Community\VC\Tools\MSVC\14.31.31103\include\xstring(2829,32): message : или       "std::basic_string<char,std::char_traits<char>,std::allocator<char>> &std::basic_string<char,std::char_traits<char>,std::allocator<char>>::operator =(std::basic_string<char,std::char_traits<char>,std::allocator<char>> &&) noexcept"
C:\Users\gurba\source\repos\LabDictionary\LabDictionary\KeyValue.h(32,1): message : при попытке сопоставить список аргументов "(const K, const K)"
          with
          [
              K=std::string
          ]
C:\Users\gurba\source\repos\LabDictionary\LabDictionary\KeyValue.h(30): message : во время компиляции функции-члена класс шаблон "KeyValue<std::string,std::string> &KeyValue<std::string,std::string>::operator =(const KeyValue<std::string,std::string> &) const"
C:\Users\gurba\source\repos\LabDictionary\LabDictionary\TreeNode.h(19): message : выполняется компиляция ссылки на экземпляр шаблон функции "KeyValue<std::string,std::string> &KeyValue<std::string,std::string>::operator =(const KeyValue<std::string,std::string> &) const"
C:\Users\gurba\source\repos\LabDictionary\LabDictionary\KeyValue.h(56): message : во время компиляции функции-члена класс шаблон "K KeyValue<K,std::string>::Key(void) const"
          with
          [
              K=std::string
          ]
C:\Users\gurba\source\repos\LabDictionary\LabDictionary\LabDictionary.cpp(29): message : выполняется компиляция ссылки на экземпляр шаблон функции "K KeyValue<K,std::string>::Key(void) const"
          with
          [
              K=std::string
          ]
C:\Users\gurba\source\repos\LabDictionary\LabDictionary\LabDictionary.cpp(28): message : выполняется компиляция ссылки на экземпляр класс шаблон функции "KeyValue<std::string,std::string>"
C:\Users\gurba\source\repos\LabDictionary\LabDictionary\KeyValue.h(33,1): error C2678: бинарный "=": не найден оператор, принимающий левый операнд типа "const T" (или приемлемое преобразование отсутствует)
          with
          [
              T=std::string
          ]
C:\Program Files\Microsoft Visual Studio\2022\Community\VC\Tools\MSVC\14.31.31103\include\xstring(3099,32): message : может быть "std::basic_string<char,std::char_traits<char>,std::allocator<char>> &std::basic_string<char,std::char_traits<char>,std::allocator<char>>::operator =(const _Elem)"
          with
          [
              _Elem=char
          ]
C:\Program Files\Microsoft Visual Studio\2022\Community\VC\Tools\MSVC\14.31.31103\include\xstring(3091,32): message : или       "std::basic_string<char,std::char_traits<char>,std::allocator<char>> &std::basic_string<char,std::char_traits<char>,std::allocator<char>>::operator =(const _Elem *const )"
          with
          [
              _Elem=char
          ]
C:\Program Files\Microsoft Visual Studio\2022\Community\VC\Tools\MSVC\14.31.31103\include\xstring(3038,32): message : или       "std::basic_string<char,std::char_traits<char>,std::allocator<char>> &std::basic_string<char,std::char_traits<char>,std::allocator<char>>::operator =(const std::basic_string<char,std::char_traits<char>,std::allocator<char>> &)"
C:\Program Files\Microsoft Visual Studio\2022\Community\VC\Tools\MSVC\14.31.31103\include\xstring(2969,32): message : или       "std::basic_string<char,std::char_traits<char>,std::allocator<char>> &std::basic_string<char,std::char_traits<char>,std::allocator<char>>::operator =(std::initializer_list<_Elem>)"
          with
          [
              _Elem=char
          ]
C:\Program Files\Microsoft Visual Studio\2022\Community\VC\Tools\MSVC\14.31.31103\include\xstring(2829,32): message : или       "std::basic_string<char,std::char_traits<char>,std::allocator<char>> &std::basic_string<char,std::char_traits<char>,std::allocator<char>>::operator =(std::basic_string<char,std::char_traits<char>,std::allocator<char>> &&) noexcept"
C:\Users\gurba\source\repos\LabDictionary\LabDictionary\KeyValue.h(33,1): message : при попытке сопоставить список аргументов "(const T, const T)"
          with
          [
              T=std::string
          ]
C:\Users\gurba\source\repos\LabDictionary\LabDictionary\KeyValue.h(34,1): error C2440: return: невозможно преобразовать "const KeyValue<std::string,std::string>" в "KeyValue<std::string,std::string> &"
C:\Users\gurba\source\repos\LabDictionary\LabDictionary\KeyValue.h(34,10): message : В результате преобразования теряются квалификаторы
C:\Users\gurba\source\repos\LabDictionary\LabDictionary\KeyValue.h(36,1): error C2440: return: невозможно преобразовать "const KeyValue<std::string,std::string>" в "KeyValue<std::string,std::string> &"
C:\Users\gurba\source\repos\LabDictionary\LabDictionary\KeyValue.h(36,14): message : В результате преобразования теряются квалификаторы
